Removed Pin From Net: NetName=3V3MCU Pin=C4-2
Removed Pin From Net: NetName=3V3MCU Pin=C7-2
Removed Pin From Net: NetName=3V3MCU Pin=C8-2
Removed Pin From Net: NetName=3V3MCU Pin=C11-2
Removed Pin From Net: NetName=3V3MCU Pin=C21-2
Removed Pin From Net: NetName=3V3MCU Pin=C23-2
Removed Pin From Net: NetName=3V3MCU Pin=C50-2
Removed Pin From Net: NetName=3V3MCU Pin=C53-2
Removed Pin From Net: NetName=3V3MCU Pin=J1-8
Removed Pin From Net: NetName=3V3MCU Pin=J1-38
Removed Pin From Net: NetName=3V3MCU Pin=J2-22
Removed Pin From Net: NetName=3V3MCU Pin=J2-25
Removed Pin From Net: NetName=3V3MCU Pin=J2-36
Removed Pin From Net: NetName=3V3MCU Pin=J4-14
Removed Pin From Net: NetName=3V3MCU Pin=J4-19
Removed Pin From Net: NetName=3V3MCU Pin=R3-2
Removed Pin From Net: NetName=3V3MCU Pin=R6-2
Removed Pin From Net: NetName=3V3MCU Pin=R7-2
Removed Pin From Net: NetName=3V3MCU Pin=R8-2
Removed Pin From Net: NetName=3V3MCU Pin=U1-29
Removed Pin From Net: NetName=3V3MCU Pin=U1-46
Removed Pin From Net: NetName=3V3MCU Pin=U1-62
Removed Pin From Net: NetName=3V3MCU Pin=U1-82
Removed Pin From Net: NetName=3V3MCU Pin=U1-87
Removed Pin From Net: NetName=3V3MCU Pin=U1-88
Removed Pin From Net: NetName=3V3MCU Pin=U1-91
Removed Pin From Net: NetName=3V3MCU Pin=U2-56
Added Pin To Net: NetName=3V3MCU Pin=C21-1
Added Pin To Net: NetName=3V3MCU Pin=C23-1
Added Pin To Net: NetName=3V3MCU Pin=J2-24
Added Pin To Net: NetName=3V3MCU Pin=J4-27
Added Pin To Net: NetName=3V3MCU Pin=U1-86
Added Pin To Net: NetName=3V3MCU Pin=U1-90
Change Net Name : Old Net Name=3V3MCU New Net Name=AVSS0
Added Pin To Net: NetName=3V3MCU Pin=C4-2
Added Pin To Net: NetName=3V3MCU Pin=C7-2
Added Pin To Net: NetName=3V3MCU Pin=C8-2
Added Pin To Net: NetName=3V3MCU Pin=C11-2
Added Pin To Net: NetName=3V3MCU Pin=C18-2
Added Pin To Net: NetName=3V3MCU Pin=C21-2
Added Pin To Net: NetName=3V3MCU Pin=C23-2
Added Pin To Net: NetName=3V3MCU Pin=C50-2
Added Pin To Net: NetName=3V3MCU Pin=C53-2
Added Pin To Net: NetName=3V3MCU Pin=J1-8
Added Pin To Net: NetName=3V3MCU Pin=J1-38
Added Pin To Net: NetName=3V3MCU Pin=J2-22
Added Pin To Net: NetName=3V3MCU Pin=J2-25
Added Pin To Net: NetName=3V3MCU Pin=J2-36
Added Pin To Net: NetName=3V3MCU Pin=J4-14
Added Pin To Net: NetName=3V3MCU Pin=J4-19
Added Pin To Net: NetName=3V3MCU Pin=R3-2
Added Pin To Net: NetName=3V3MCU Pin=R6-2
Added Pin To Net: NetName=3V3MCU Pin=R7-2
Added Pin To Net: NetName=3V3MCU Pin=R8-2
Added Pin To Net: NetName=3V3MCU Pin=U1-15
Added Pin To Net: NetName=3V3MCU Pin=U1-29
Added Pin To Net: NetName=3V3MCU Pin=U1-46
Added Pin To Net: NetName=3V3MCU Pin=U1-62
Added Pin To Net: NetName=3V3MCU Pin=U1-82
Added Pin To Net: NetName=3V3MCU Pin=U1-87
Added Pin To Net: NetName=3V3MCU Pin=U1-88
Added Pin To Net: NetName=3V3MCU Pin=U1-91
Added Pin To Net: NetName=3V3MCU Pin=U2-56
Added Net: Name=3V3MCU
Added Member To Class: ClassName=RA6M1 Member=Component C18 0.1uF/50V/0603
